2026-04-01T19:07:54.787+0800	[34mINFO[0m	logging/logging.go:77	Logging system initialized	{"environment": "development", "level": "info"}
2026-04-01T19:07:54.788+0800	[34mINFO[0m	sqlite/connection.go:23	Opening database connection	{"dsn": "data/ddd.db"}
2026-04-01T19:07:54.793+0800	[34mINFO[0m	sqlite/connection.go:66	Database connection established successfully
2026-04-01T19:07:54.793+0800	[34mINFO[0m	sqlite/connection.go:76	Database schema initialized successfully
2026-04-01T19:07:54.794+0800	[34mINFO[0m	event/bus.go:40	Event subscriber added	{"event": "lease.activated"}
2026-04-01T19:07:54.794+0800	[34mINFO[0m	event/bus.go:40	Event subscriber added	{"event": "lease.checkout"}
2026-04-01T19:07:54.794+0800	[34mINFO[0m	event/bus.go:40	Event subscriber added	{"event": "lease.expired"}
2026-04-01T19:07:54.794+0800	[34mINFO[0m	api/main.go:64	Lease room event handler registered	{"events": "lease.activated, lease.checkout, lease.expired"}
2026-04-01T19:07:54.794+0800	[34mINFO[0m	event/bus.go:40	Event subscriber added	{"event": "room.created"}
2026-04-01T19:07:54.794+0800	[34mINFO[0m	event/bus.go:40	Event subscriber added	{"event": "room.updated"}
2026-04-01T19:07:54.794+0800	[34mINFO[0m	event/bus.go:40	Event subscriber added	{"event": "room.deleted"}
2026-04-01T19:07:54.794+0800	[34mINFO[0m	event/bus.go:40	Event subscriber added	{"event": "room.rented"}
2026-04-01T19:07:54.794+0800	[34mINFO[0m	event/bus.go:40	Event subscriber added	{"event": "room.available"}
2026-04-01T19:07:54.794+0800	[34mINFO[0m	event/bus.go:40	Event subscriber added	{"event": "lease.created"}
2026-04-01T19:07:54.794+0800	[34mINFO[0m	event/bus.go:40	Event subscriber added	{"event": "lease.activated"}
2026-04-01T19:07:54.794+0800	[34mINFO[0m	event/bus.go:40	Event subscriber added	{"event": "lease.checkout"}
2026-04-01T19:07:54.794+0800	[34mINFO[0m	event/bus.go:40	Event subscriber added	{"event": "lease.expired"}
2026-04-01T19:07:54.794+0800	[34mINFO[0m	event/bus.go:40	Event subscriber added	{"event": "lease.renewed"}
2026-04-01T19:07:54.794+0800	[34mINFO[0m	event/bus.go:40	Event subscriber added	{"event": "lease.deleted"}
2026-04-01T19:07:54.794+0800	[34mINFO[0m	event/bus.go:40	Event subscriber added	{"event": "landlord.created"}
2026-04-01T19:07:54.794+0800	[34mINFO[0m	event/bus.go:40	Event subscriber added	{"event": "landlord.updated"}
2026-04-01T19:07:54.794+0800	[34mINFO[0m	event/bus.go:40	Event subscriber added	{"event": "landlord.deleted"}
2026-04-01T19:07:54.794+0800	[34mINFO[0m	event/bus.go:40	Event subscriber added	{"event": "bill.created"}
2026-04-01T19:07:54.794+0800	[34mINFO[0m	event/bus.go:40	Event subscriber added	{"event": "bill.updated"}
2026-04-01T19:07:54.794+0800	[34mINFO[0m	event/bus.go:40	Event subscriber added	{"event": "bill.paid"}
2026-04-01T19:07:54.794+0800	[34mINFO[0m	event/bus.go:40	Event subscriber added	{"event": "bill.deleted"}
2026-04-01T19:07:54.794+0800	[34mINFO[0m	event/bus.go:40	Event subscriber added	{"event": "location.created"}
2026-04-01T19:07:54.794+0800	[34mINFO[0m	event/bus.go:40	Event subscriber added	{"event": "location.updated"}
2026-04-01T19:07:54.794+0800	[34mINFO[0m	event/bus.go:40	Event subscriber added	{"event": "location.deleted"}
2026-04-01T19:07:54.794+0800	[34mINFO[0m	event/bus.go:40	Event subscriber added	{"event": "deposit.created"}
2026-04-01T19:07:54.794+0800	[34mINFO[0m	event/bus.go:40	Event subscriber added	{"event": "deposit.returning"}
2026-04-01T19:07:54.794+0800	[34mINFO[0m	event/bus.go:40	Event subscriber added	{"event": "deposit.returned"}
2026-04-01T19:07:54.794+0800	[34mINFO[0m	event/bus.go:40	Event subscriber added	{"event": "deposit.deleted"}
2026-04-01T19:07:54.794+0800	[34mINFO[0m	api/main.go:87	Operation log event handler registered	{"events": ["room.created", "room.updated", "room.deleted", "room.rented", "room.available", "lease.created", "lease.activated", "lease.checkout", "lease.expired", "lease.renewed", "lease.deleted", "landlord.created", "landlord.updated", "landlord.deleted", "bill.created", "bill.updated", "bill.paid", "bill.deleted", "location.created", "location.updated", "location.deleted", "deposit.created", "deposit.returning", "deposit.returned", "deposit.deleted"]}
2026-04-01T19:07:54.794+0800	[34mINFO[0m	lease/scheduler.go:33	Starting lease expiration scheduler
2026-04-01T19:07:54.794+0800	[34mINFO[0m	lease/scheduler.go:77	Running lease expiration check
2026-04-01T19:07:54.794+0800	[34mINFO[0m	lease/scheduler.go:85	Lease expiration check completed	{"processed_count": 0}
2026-04-01T19:07:54.794+0800	[34mINFO[0m	lease/scheduler.go:54	Lease expiration scheduler started, will run hourly
2026-04-01T19:07:54.794+0800	[34mINFO[0m	facade/oidc_handler.go:36	OIDC Handler initialized	{"dev_mode": false, "issuer_url": "http://localhost:8081/realms/master", "client_id": "ddd-app", "redirect_url": "http://localhost:8080/oauth2/callback"}
2026-04-01T19:07:54.795+0800	[34mINFO[0m	api/main.go:211	Starting server	{"addr": ":8080"}
2026-04-01T19:08:06.291+0800	[34mINFO[0m	facade/oidc_handler.go:273	Session found for logout	{"session_id": "9314ad0e-b535-4d32-bb15-249f1dd002bd", "user_id": "test-user-id", "has_id_token": true}
2026-04-01T19:08:06.291+0800	[34mINFO[0m	facade/oidc_handler.go:281	Session deleted	{"session_id": "9314ad0e-b535-4d32-bb15-249f1dd002bd"}
2026-04-01T19:08:06.291+0800	[34mINFO[0m	facade/oidc_handler.go:300	Preparing end session URL	{"dev_mode": false, "has_id_token": true}
2026-04-01T19:08:06.298+0800	[34mINFO[0m	facade/oidc_handler.go:307	Got end session URL, redirecting	{"url": "http://localhost:8081/realms/master/protocol/openid-connect/logout?id_token_hint=eyJhbGciOiJSUzI1NiIsInR5cCIgOiAiSldUIiwia2lkIiA6ICJmZVliWWV3ZUhEbC1EZ2lhZkFibkZGczhSWlg3bXMzRHRIQmE1RHhqVnhZIn0.eyJleHAiOjE3NzUwNDE2OTYsImlhdCI6MTc3NTA0MTYzNiwiYXV0aF90aW1lIjoxNzc1MDQxNjM1LCJqdGkiOiI0MjlmZTgwNy02YTU0LTQzYWMtODcyMS1lNjFhZDA3MjVlZDgiLCJpc3MiOiJodHRwOi8vbG9jYWxob3N0OjgwODEvcmVhbG1zL21hc3RlciIsImF1ZCI6ImRkZC1hcHAiLCJzdWIiOiIxMjViYzA0OC1hY2E0LTRmMzAtYjkxZi03YjA5ODAwMTQwMTYiLCJ0eXAiOiJJRCIsImF6cCI6ImRkZC1hcHAiLCJzZXNzaW9uX3N0YXRlIjoiOWJlYTM3MzMtNDdkMi00OWYzLWFlOGEtMTc5MzU0YmY2NTc2IiwiYXRfaGFzaCI6Il9GZVcwcmcteEVheEZmOWNBTHFrVXciLCJhY3IiOiIxIiwic2lkIjoiOWJlYTM3MzMtNDdkMi00OWYzLWFlOGEtMTc5MzU0YmY2NTc2IiwiZW1haWxfdmVyaWZpZWQiOnRydWUsIm5hbWUiOiLoiKog6YK5IiwicHJlZmVycmVkX3VzZXJuYW1lIjoiem91aGFuZyIsImdpdmVuX25hbWUiOiLoiKoiLCJmYW1pbHlfbmFtZSI6IumCuSIsImVtYWlsIjoiem91aGFuZzIwMDdAMTYzLmNvbSJ9.amHBHG5PGuL-tXClfJlGUgbdTHjJnLUlGGJi0MYhyS2GpHJMgqbChrlRc3wCvBYIY5AWjvM7b8sdMKmGhsADBdydIwJ59x-Oxg6BA_t7b1nqovx23PP_J7YiDkFWbzEUjQ1Y4JmHqOe3jTNFNYEekCn4BvbAAB6UDeoQtZ5I9nGsncj5fLwdJUQ_kndPjB1Hln4Xuvrx9aZjHOmIoT4knVb-DtQODVvucGkVtL1tHSeolwTNzIsKTEhtC0CHUqPdc5rFDMAxfp_3cOqXIA7bwa4-HcELQE47iHVMg58flQvULAxpb8pvRP-kdZynrQq54GBsMmGUAd63n_63rVd24Q&post_logout_redirect_uri=http://localhost:5173/"}
2026-04-01T19:08:06.358+0800	[34mINFO[0m	facade/oidc_handler.go:99	Redirecting to OIDC provider	{"state": "9qScSfJ4iEgVGCHmcMMyveV99u4MwP9RDqkhU6aGBfg"}
2026-04-01T19:08:15.377+0800	[34mINFO[0m	facade/oidc_handler.go:251	User authenticated successfully	{"user_id": "test-user-id", "email": "user@example.com"}
